<?xml version="1.0" encoding="UTF-8"?>
<!-- Generated by org.testng.reporters.JUnitReportReporter -->
<testsuite hostname="chandru" failures="0" tests="1" name="com.testng.TestNg" time="8.475" errors="0" timestamp="2022-09-13T18:50:20 IST" skipped="0">
  <testcase classname="com.testng.TestNg" name="main" time="8.475"/>
  <system-out/>
</testsuite> <!-- com.testng.TestNg -->
